2018-03-13 17:22:24,944 INFO o.a.j.u.JMeterUtils: Setting Locale to en_US
2018-03-13 17:22:25,050 INFO o.a.j.JMeter: Loading user properties from: /home/alumnos/e321098/Desktop/apache-jmeter-4.0/bin/user.properties
2018-03-13 17:22:25,050 INFO o.a.j.JMeter: Loading system properties from: /home/alumnos/e321098/Desktop/apache-jmeter-4.0/bin/system.properties
2018-03-13 17:22:25,054 INFO o.a.j.JMeter: Copyright (c) 1998-2018 The Apache Software Foundation
2018-03-13 17:22:25,054 INFO o.a.j.JMeter: Version 4.0 r1823414
2018-03-13 17:22:25,055 INFO o.a.j.JMeter: java.version=1.8.0_131
2018-03-13 17:22:25,055 INFO o.a.j.JMeter: java.vm.name=Java HotSpot(TM) 64-Bit Server VM
2018-03-13 17:22:25,055 INFO o.a.j.JMeter: os.name=Linux
2018-03-13 17:22:25,055 INFO o.a.j.JMeter: os.arch=amd64
2018-03-13 17:22:25,055 INFO o.a.j.JMeter: os.version=3.13.0-24-generic
2018-03-13 17:22:25,055 INFO o.a.j.JMeter: file.encoding=ANSI_X3.4-1968
2018-03-13 17:22:25,055 INFO o.a.j.JMeter: Max memory     =1726480384
2018-03-13 17:22:25,055 INFO o.a.j.JMeter: Available Processors =4
2018-03-13 17:22:25,088 INFO o.a.j.JMeter: Default Locale=English (United States)
2018-03-13 17:22:25,088 INFO o.a.j.JMeter: JMeter  Locale=English (United States)
2018-03-13 17:22:25,088 INFO o.a.j.JMeter: JMeterHome=/home/alumnos/e321098/Desktop/apache-jmeter-4.0
2018-03-13 17:22:25,088 INFO o.a.j.JMeter: user.dir  =/home/alumnos/e321098/Desktop
2018-03-13 17:22:25,088 INFO o.a.j.JMeter: PWD       =/home/alumnos/e321098/Desktop
2018-03-13 17:22:25,089 INFO o.a.j.JMeter: IP: 127.0.0.1 Name: localhost FullName: localhost
2018-03-13 17:22:25,884 INFO o.a.j.g.a.LookAndFeelCommand: Installing Darcula LAF
2018-03-13 17:22:26,068 INFO o.a.j.g.a.LookAndFeelCommand: Using look and feel: com.bulenkov.darcula.DarculaLaf [Darcula]
2018-03-13 17:22:26,068 INFO o.a.j.JMeter: Setting LAF to: com.bulenkov.darcula.DarculaLaf
2018-03-13 17:22:26,260 INFO o.a.j.JMeter: Loaded icon properties from org/apache/jmeter/images/icon.properties
2018-03-13 17:22:26,689 INFO o.a.j.e.u.CompoundVariable: Note: Function class names must contain the string: '.functions.'
2018-03-13 17:22:26,689 INFO o.a.j.e.u.CompoundVariable: Note: Function class names must not contain the string: '.gui.'
2018-03-13 17:22:30,868 INFO o.a.j.p.h.s.HTTPSamplerBase: Parser for text/html is org.apache.jmeter.protocol.http.parser.LagartoBasedHtmlParser
2018-03-13 17:22:30,869 INFO o.a.j.p.h.s.HTTPSamplerBase: Parser for application/xhtml+xml is org.apache.jmeter.protocol.http.parser.LagartoBasedHtmlParser
2018-03-13 17:22:30,869 INFO o.a.j.p.h.s.HTTPSamplerBase: Parser for application/xml is org.apache.jmeter.protocol.http.parser.LagartoBasedHtmlParser
2018-03-13 17:22:30,869 INFO o.a.j.p.h.s.HTTPSamplerBase: Parser for text/xml is org.apache.jmeter.protocol.http.parser.LagartoBasedHtmlParser
2018-03-13 17:22:30,869 INFO o.a.j.p.h.s.HTTPSamplerBase: Parser for text/vnd.wap.wml is org.apache.jmeter.protocol.http.parser.RegexpHTMLParser
2018-03-13 17:22:30,869 INFO o.a.j.p.h.s.HTTPSamplerBase: Parser for text/css is org.apache.jmeter.protocol.http.parser.CssParser
2018-03-13 17:22:31,291 INFO o.a.j.e.KeyToolUtils: keytool found at 'keytool'
2018-03-13 17:22:31,292 INFO o.a.j.p.h.p.ProxyControl: HTTP(S) Test Script Recorder SSL Proxy will use keys that support embedded 3rd party resources in file /home/alumnos/e321098/Desktop/apache-jmeter-4.0/bin/proxyserver.jks
2018-03-13 17:22:31,404 INFO o.a.j.s.FileServer: Default base='/home/alumnos/e321098/Desktop'
2018-03-13 17:22:31,666 INFO o.a.j.s.SampleResult: Note: Sample TimeStamps are START times
2018-03-13 17:22:31,666 INFO o.a.j.s.SampleResult: sampleresult.default.encoding is set to ISO-8859-1
2018-03-13 17:22:31,666 INFO o.a.j.s.SampleResult: sampleresult.useNanoTime=true
2018-03-13 17:22:31,666 INFO o.a.j.s.SampleResult: sampleresult.nanoThreadSleep=5000
2018-03-13 17:25:15,303 INFO o.a.j.s.FileServer: Set new base='/home/alumnos/e321098/Desktop'
2018-03-13 17:25:15,445 INFO o.a.j.s.SaveService: Testplan (JMX) version: 2.2. Testlog (JTL) version: 2.2
2018-03-13 17:25:15,464 INFO o.a.j.s.SaveService: Using SaveService properties file encoding UTF-8
2018-03-13 17:25:15,465 INFO o.a.j.s.SaveService: Using SaveService properties version 4.0
